<?xml version="1.0" encoding="UTF-8"?>
<testsuite name="com.sales.item.service.test.ItemsOnSaleServiceTests" tests="2" skipped="0" failures="0" errors="0" timestamp="2021-01-29T17:59:18" hostname="YURI-HOME" time="0.792">
  <properties/>
  <testcase name="itemsTest()" classname="com.sales.item.service.test.ItemsOnSaleServiceTests" time="0.779"/>
  <testcase name="contextLoads()" classname="com.sales.item.service.test.ItemsOnSaleServiceTests" time="0.01"/>
  <system-out><![CDATA[12:59:05,276 |-INFO in ch.qos.logback.classic.LoggerContext[default] - Could NOT find resource [logback.groovy]
12:59:05,277 |-INFO in ch.qos.logback.classic.LoggerContext[default] - Could NOT find resource [logback-test.xml]
12:59:05,278 |-INFO in ch.qos.logback.classic.LoggerContext[default] - Found resource [logback.xml] at [file:/C:/T-DRIVE/Projects/test/items-on-sale/build/resources/main/logback.xml]
12:59:05,701 |-INFO in ch.qos.logback.classic.joran.action.ConfigurationAction - debug attribute not set
12:59:05,718 |-INFO in ch.qos.logback.core.joran.action.AppenderAction - About to instantiate appender of type [ch.qos.logback.core.ConsoleAppender]
12:59:05,725 |-INFO in ch.qos.logback.core.joran.action.AppenderAction - Naming appender as [Console]
12:59:05,790 |-WARN in ch.qos.logback.core.ConsoleAppender[Console] - This appender no longer admits a layout as a sub-component, set an encoder instead.
12:59:05,790 |-WARN in ch.qos.logback.core.ConsoleAppender[Console] - To ensure compatibility, wrapping your layout in LayoutWrappingEncoder.
12:59:05,790 |-WARN in ch.qos.logback.core.ConsoleAppender[Console] - See also http://logback.qos.ch/codes.html#layoutInsteadOfEncoder for details
12:59:05,791 |-INFO in ch.qos.logback.core.joran.action.AppenderAction - About to instantiate appender of type [ch.qos.logback.core.rolling.RollingFileAppender]
12:59:05,797 |-INFO in ch.qos.logback.core.joran.action.AppenderAction - Naming appender as [RollingFile]
12:59:05,836 |-INFO in c.q.l.core.rolling.TimeBasedRollingPolicy@1171070220 - No compression will be used
12:59:05,838 |-INFO in c.q.l.core.rolling.TimeBasedRollingPolicy@1171070220 - Will use the pattern ./logs/archived/spring-boot-logger-%d{yyyy-MM-dd}.%i.log for the active file
12:59:05,843 |-INFO in ch.qos.logback.core.rolling.SizeAndTimeBasedFNATP@453023a9 - The date pattern is 'yyyy-MM-dd' from file name pattern './logs/archived/spring-boot-logger-%d{yyyy-MM-dd}.%i.log'.
12:59:05,843 |-INFO in ch.qos.logback.core.rolling.SizeAndTimeBasedFNATP@453023a9 - Roll-over at midnight.
12:59:05,849 |-INFO in ch.qos.logback.core.rolling.SizeAndTimeBasedFNATP@453023a9 - Setting initial period to Fri Jan 29 12:58:21 EST 2021
12:59:05,849 |-WARN in ch.qos.logback.core.rolling.SizeAndTimeBasedFNATP@453023a9 - SizeAndTimeBasedFNATP is deprecated. Use SizeAndTimeBasedRollingPolicy instead
12:59:05,849 |-WARN in ch.qos.logback.core.rolling.SizeAndTimeBasedFNATP@453023a9 - For more information see http://logback.qos.ch/manual/appenders.html#SizeAndTimeBasedRollingPolicy
12:59:05,855 |-INFO in ch.qos.logback.core.rolling.RollingFileAppender[RollingFile] - Active log file name: ./logs/spring-boot-logger.log
12:59:05,855 |-INFO in ch.qos.logback.core.rolling.RollingFileAppender[RollingFile] - File property is set to [./logs/spring-boot-logger.log]
12:59:05,857 |-INFO in ch.qos.logback.classic.joran.action.RootLoggerAction - Setting level of ROOT logger to INFO
12:59:05,857 |-INFO in ch.qos.logback.core.joran.action.AppenderRefAction - Attaching appender named [RollingFile] to Logger[ROOT]
12:59:05,858 |-INFO in ch.qos.logback.core.joran.action.AppenderRefAction - Attaching appender named [Console] to Logger[ROOT]
12:59:05,859 |-INFO in ch.qos.logback.classic.joran.action.LoggerAction - Setting level of logger [com.baeldung] to TRACE
12:59:05,859 |-INFO in ch.qos.logback.classic.joran.action.LoggerAction - Setting additivity of logger [com.baeldung] to false
12:59:05,859 |-INFO in ch.qos.logback.core.joran.action.AppenderRefAction - Attaching appender named [RollingFile] to Logger[com.baeldung]
12:59:05,859 |-INFO in ch.qos.logback.core.joran.action.AppenderRefAction - Attaching appender named [Console] to Logger[com.baeldung]
12:59:05,859 |-INFO in ch.qos.logback.classic.joran.action.ConfigurationAction - End of configuration.
12:59:05,861 |-INFO in ch.qos.logback.classic.joran.JoranConfigurator@78f29ea4 - Registering current configuration as safe fallback point

2021-01-29 12:59:06,103 INFO  thread:Test worker org.springframework.test.context.support.AbstractTestContextBootstrapper: Neither @ContextConfiguration nor @ContextHierarchy found for test class [com.sales.item.service.test.ItemsOnSaleServiceTests], using SpringBootContextLoader
2021-01-29 12:59:06,124 INFO  thread:Test worker org.springframework.test.context.support.AbstractContextLoader: Could not detect default resource locations for test class [com.sales.item.service.test.ItemsOnSaleServiceTests]: no resource found for suffixes {-context.xml, Context.groovy}.
2021-01-29 12:59:06,653 INFO  thread:Test worker org.springframework.test.context.support.AbstractTestContextBootstrapper: Loaded default TestExecutionListener class names from location [META-INF/spring.factories]: [org.springframework.security.test.context.support.WithSecurityContextTestExecutionListener, org.springframework.security.test.context.support.ReactorContextTestExecutionListener, org.springframework.boot.test.autoconfigure.restdocs.RestDocsTestExecutionListener, org.springframework.boot.test.autoconfigure.web.client.MockRestServiceServerResetTestExecutionListener, org.springframework.boot.test.autoconfigure.web.servlet.MockMvcPrintOnlyOnFailureTestExecutionListener, org.springframework.boot.test.autoconfigure.web.servlet.WebDriverTestExecutionListener, org.springframework.boot.test.autoconfigure.webservices.client.MockWebServiceServerTestExecutionListener, org.springframework.boot.test.mock.mockito.MockitoTestExecutionListener, org.springframework.boot.test.mock.mockito.ResetMocksTestExecutionListener, org.springframework.test.context.web.ServletTestExecutionListener, org.springframework.test.context.support.DirtiesContextBeforeModesTestExecutionListener, org.springframework.test.context.support.DependencyInjectionTestExecutionListener, org.springframework.test.context.support.DirtiesContextTestExecutionListener, org.springframework.test.context.transaction.TransactionalTestExecutionListener, org.springframework.test.context.jdbc.SqlScriptsTestExecutionListener, org.springframework.test.context.event.EventPublishingTestExecutionListener]
2021-01-29 12:59:06,695 INFO  thread:Test worker org.springframework.test.context.support.AbstractTestContextBootstrapper: Using TestExecutionListeners: [org.springframework.test.context.web.ServletTestExecutionListener@68105835, org.springframework.test.context.support.DirtiesContextBeforeModesTestExecutionListener@2ca8ee51, org.springframework.boot.test.mock.mockito.MockitoTestExecutionListener@5b1fb1bb, org.springframework.boot.test.autoconfigure.SpringBootDependencyInjectionTestExecutionListener@7fbfd612, org.springframework.test.context.support.DirtiesContextTestExecutionListener@1504f820, org.springframework.security.test.context.support.WithSecurityContextTestExecutionListener@7e3546b7, org.springframework.test.context.event.EventPublishingTestExecutionListener@5881a2a3, org.springframework.security.test.context.support.ReactorContextTestExecutionListener@590ff0e7, org.springframework.boot.test.autoconfigure.restdocs.RestDocsTestExecutionListener@6bf8c61e, org.springframework.boot.test.autoconfigure.web.client.MockRestServiceServerResetTestExecutionListener@3fac3528, org.springframework.boot.test.autoconfigure.web.servlet.MockMvcPrintOnlyOnFailureTestExecutionListener@6aed1cc4, org.springframework.boot.test.autoconfigure.web.servlet.WebDriverTestExecutionListener@4c4341b6, org.springframework.boot.test.autoconfigure.webservices.client.MockWebServiceServerTestExecutionListener@6126a616, org.springframework.boot.test.mock.mockito.ResetMocksTestExecutionListener@3f7dda6f]

  .   ____          _            __ _ _
 /\\ / ___'_ __ _ _(_)_ __  __ _ \ \ \ \
( ( )\___ | '_ | '_| | '_ \/ _` | \ \ \ \
 \\/  ___)| |_)| | | | | || (_| |  ) ) ) )
  '  |____| .__|_| |_|_| |_\__, | / / / /
 =========|_|==============|___/=/_/_/_/
 :: Spring Boot ::        (v2.3.3.RELEASE)

2021-01-29 12:59:07,429 INFO  thread:background-preinit org.hibernate.validator.internal.util.Version: HV000001: Hibernate Validator 6.1.5.Final
2021-01-29 12:59:07,532 INFO  thread:Test worker org.springframework.boot.StartupInfoLogger: Starting ItemsOnSaleServiceTests on YURI-HOME with PID 1732 (started by Yuri in C:\T-DRIVE\Projects\test\items-on-sale)
2021-01-29 12:59:07,535 INFO  thread:Test worker org.springframework.boot.SpringApplication: The following profiles are active: test
2021-01-29 12:59:12,168 INFO  thread:pool-1-thread-1 com.sale.item.service.ItemsOnSaleService: Reding items-on-sale file: c:\tmp\items-on-sale\data\items.json
2021-01-29 12:59:12,171 INFO  thread:pool-1-thread-1 com.sale.item.service.ItemsOnSaleService: Items-on-sale: {"customer": [{"itemId":"123","itemName":"Test item", "itemPrice":1000.00},{"itemId":"001","itemName":"Item-001", "itemPrice":2000.50}],
 "123456": [{"itemId":"007","itemName":"Item-007", "itemPrice":3000.00},{"itemId":"002","itemName":"Item-002", "itemPrice":5000.00}]}
2021-01-29 12:59:12,570 INFO  thread:pool-1-thread-1 com.sale.item.service.ItemsOnSaleService: Items-on-sale data: {123456=[com.sale.item.model.ItemOnSale@42e5c59c, com.sale.item.model.ItemOnSale@5ef7028a], customer=[com.sale.item.model.ItemOnSale@7089e25e, com.sale.item.model.ItemOnSale@224c238e]}
2021-01-29 12:59:13,697 INFO  thread:Test worker org.springframework.security.web.DefaultSecurityFilterChain: Creating filter chain: any request, [org.springframework.security.web.context.request.async.WebAsyncManagerIntegrationFilter@5267658, org.springframework.security.web.context.SecurityContextPersistenceFilter@7812122, org.springframework.security.web.header.HeaderWriterFilter@b35937, org.springframework.web.filter.CorsFilter@e0c5693, org.springframework.security.web.csrf.CsrfFilter@4114cb97, com.sale.item.config.CsrfTokenResponseHeaderBindingFilter@3052622a, org.springframework.security.web.authentication.logout.LogoutFilter@2c576340, org.springframework.security.web.authentication.www.BasicAuthenticationFilter@b2c6764, org.springframework.security.web.savedrequest.RequestCacheAwareFilter@7cc04f86, org.springframework.security.web.servletapi.SecurityContextHolderAwareRequestFilter@29711266, org.springframework.security.web.authentication.AnonymousAuthenticationFilter@1c131254, org.springframework.security.web.session.SessionManagementFilter@5e377b2f, org.springframework.security.web.access.ExceptionTranslationFilter@5a71d2a1, org.springframework.security.web.access.intercept.FilterSecurityInterceptor@8362285]
2021-01-29 12:59:14,638 INFO  thread:Test worker org.springframework.scheduling.concurrent.ExecutorConfigurationSupport: Initializing ExecutorService 'applicationTaskExecutor'
2021-01-29 12:59:17,320 INFO  thread:Test worker org.springframework.mock.web.MockServletContext: Initializing Spring TestDispatcherServlet ''
2021-01-29 12:59:17,322 INFO  thread:Test worker org.springframework.web.servlet.FrameworkServlet: Initializing Servlet ''
2021-01-29 12:59:17,387 INFO  thread:Test worker org.springframework.boot.actuate.endpoint.web.EndpointLinksResolver: Exposing 14 endpoint(s) beneath base path '/actuator'
2021-01-29 12:59:17,879 INFO  thread:Test worker org.springframework.web.servlet.FrameworkServlet: Completed initialization in 555 ms
2021-01-29 12:59:18,196 INFO  thread:Test worker org.springframework.boot.StartupInfoLogger: Started ItemsOnSaleServiceTests in 11.384 seconds (JVM running for 15.367)
]]></system-out>
  <system-err><![CDATA[]]></system-err>
</testsuite>
